<?xml version="1.0" encoding="UTF-8"?>
<!-- Generated by org.testng.reporters.JUnitXMLReporter -->
<testsuite ignored="0" hostname="DESKTOP-8QBIHO6" failures="0" tests="3" name="Default test" time="10.36" errors="0" timestamp="2024-04-11T13:09:31 IST">
  <testcase classname="AdvanceSeleniumTesting.ToLearnDataProvider" name="toLogin" time="3.935"/>
  <testcase classname="AdvanceSeleniumTesting.ToLearnDataProvider" name="toLogin" time="3.266"/>
  <testcase classname="AdvanceSeleniumTesting.ToLearnDataProvider" name="toLogin" time="3.097"/>
</testsuite> <!-- Default test -->
