<?xml version="1.0" encoding="UTF-8"?>
<testng-results ignored="0" total="3" passed="3" failed="0" skipped="0">
  <reporter-output>
  </reporter-output>
  <suite started-at="2024-04-11T13:09:21 IST" name="Default suite" finished-at="2024-04-11T13:09:31 IST" duration-ms="10360">
    <groups>
    </groups>
    <test started-at="2024-04-11T13:09:21 IST" name="Default test" finished-at="2024-04-11T13:09:31 IST" duration-ms="10360">
      <class name="AdvanceSeleniumTesting.ToLearnDataProvider">
        <test-method signature="toLogin(java.lang.String,java.lang.String)[pri:0, instance:AdvanceSeleniumTesting.ToLearnDataProvider@654f0d9c]" started-at="2024-04-11T13:09:21 IST" name="toLogin" data-provider="cred" finished-at="2024-04-11T13:09:25 IST" duration-ms="3935" status="PASS">
          <params>
            <param index="0">
              <value>
                <![CDATA[Bhabani@gmail.com]]>
              </value>
            </param>
            <param index="1">
              <value>
                <![CDATA[Bhabani@123]]>
              </value>
            </param>
          </params>
          <reporter-output>
          </reporter-output>
        </test-method> <!-- toLogin -->
        <test-method signature="toLogin(java.lang.String,java.lang.String)[pri:0, instance:AdvanceSeleniumTesting.ToLearnDataProvider@654f0d9c]" started-at="2024-04-11T13:09:25 IST" name="toLogin" data-provider="cred" finished-at="2024-04-11T13:09:28 IST" duration-ms="3266" status="PASS">
          <params>
            <param index="0">
              <value>
                <![CDATA[Karan@gmail.com]]>
              </value>
            </param>
            <param index="1">
              <value>
                <![CDATA[Karan@123]]>
              </value>
            </param>
          </params>
          <reporter-output>
          </reporter-output>
        </test-method> <!-- toLogin -->
        <test-method signature="toLogin(java.lang.String,java.lang.String)[pri:0, instance:AdvanceSeleniumTesting.ToLearnDataProvider@654f0d9c]" started-at="2024-04-11T13:09:28 IST" name="toLogin" data-provider="cred" finished-at="2024-04-11T13:09:31 IST" duration-ms="3097" status="PASS">
          <params>
            <param index="0">
              <value>
                <![CDATA[Kiran@gmail.com]]>
              </value>
            </param>
            <param index="1">
              <value>
                <![CDATA[Kiran@123]]>
              </value>
            </param>
          </params>
          <reporter-output>
          </reporter-output>
        </test-method> <!-- toLogin -->
      </class> <!-- AdvanceSeleniumTesting.ToLearnDataProvider -->
    </test> <!-- Default test -->
  </suite> <!-- Default suite -->
</testng-results>
