<?xml version="1.0" encoding="UTF-8"?>
<!-- Generated by org.testng.reporters.JUnitXMLReporter -->
<testsuite ignored="1" hostname="DESKTOP-8QBIHO6" failures="0" tests="2" name="Test" time="7.105" errors="0" timestamp="2024-04-10T22:23:44 IST">
  <testcase classname="Webpage.WoodenStreet" name="wooden" time="3.624"/>
  <testcase classname="Webpage.ShopperStack" name="Shopper" time="7.067"/>
  <testcase classname="Webpage.DemoWebPage" name="demo" time="0.0">
    <ignored/>
  </testcase> <!-- demo -->
</testsuite> <!-- Test -->
